2018-09-19 23:45:09,757: class_def.py: running function "Employee.from_string" , run_time = 0.0ms
2018-09-19 23:45:09,757: class_def.py: running function "Employee.from_string" , run_time = 0.0ms
2018-09-19 23:45:09,757: class_def.py: running function "Manager.add_emp" , run_time = 0.0ms
2018-09-19 23:45:09,758: class_def.py: running function "Employee.get_num_of_employee" , run_time = 0.232696533203125ms
2018-09-19 23:45:11,766: class_def.py: running function "Manager.temp" , run_time = 2007.1728229522705ms
2018-09-20 17:44:36,532: class_def.py: running function "from_string" , run_time = 0.0ms
2018-09-20 17:44:36,533: class_def.py: running function "from_string" , run_time = 0.0ms
2018-09-20 17:44:36,533: class_def.py: running function "add_emp" , run_time = 0.0ms
2018-09-20 17:44:36,534: class_def.py: running function "get_num_of_employee" , run_time = 0.0ms
2018-09-20 17:44:38,536: class_def.py: running function "temp" , run_time = 2002.0618438720703ms
2018-09-22 14:08:01,767: class_def.py: running function "from_string" , run_time = 0.0ms
2018-09-22 14:08:01,768: class_def.py: running function "from_string" , run_time = 0.0ms
2018-09-22 14:08:01,768: class_def.py: running function "add_emp" , run_time = 0.0ms
2018-09-22 14:08:53,540: class_def.py: running function "from_string" , run_time = 0.0ms
2018-09-22 14:08:53,541: class_def.py: running function "from_string" , run_time = 0.0ms
2018-09-22 14:08:53,541: class_def.py: running function "add_emp" , run_time = 0.0ms
2018-09-22 14:08:53,632: class_def.py: running function "get_num_of_employee" , run_time = 0.0ms
2018-09-22 14:08:55,634: class_def.py: running function "temp" , run_time = 2001.0435581207275ms
2018-09-22 16:27:28,065: class_def.py: running function "from_string" , run_time = 0.0ms
2018-09-22 16:27:28,066: class_def.py: running function "from_string" , run_time = 0.0ms
2018-09-22 16:27:28,066: class_def.py: running function "add_emp" , run_time = 0.0ms
2018-09-23 13:45:02,071: root: class_def.py: running function "from_string" , run_time = 0.0ms
2018-09-23 13:45:02,071: root: class_def.py: running function "from_string" , run_time = 0.0ms
2018-09-23 13:45:02,072: root: class_def.py: running function "add_emp" , run_time = 0.0ms
